Started at Sun Apr 26 03:35:13 UTC 2020
Processing eastmoney
Offering eastmoney to Project Build Discarder
Processing pipeline
Offering pipeline to Project Build Discarder
Processing tonghuashun
Offering tonghuashun to Project Build Discarder
Finished at Sun Apr 26 03:35:13 UTC 2020. 1ms
Started at Sun Apr 26 04:35:13 UTC 2020
Processing eastmoney
Offering eastmoney to Project Build Discarder
Processing pipeline
Offering pipeline to Project Build Discarder
Processing tonghuashun
Offering tonghuashun to Project Build Discarder
Finished at Sun Apr 26 04:35:13 UTC 2020. 0ms
Started at Sun Apr 26 05:35:13 UTC 2020
Processing eastmoney
Offering eastmoney to Project Build Discarder
Processing pipeline
Offering pipeline to Project Build Discarder
Processing tonghuashun
Offering tonghuashun to Project Build Discarder
Finished at Sun Apr 26 05:35:13 UTC 2020. 1ms
Started at Sun Apr 26 06:35:13 UTC 2020
Processing eastmoney
Offering eastmoney to Project Build Discarder
Processing pipeline
Offering pipeline to Project Build Discarder
Processing tonghuashun
Offering tonghuashun to Project Build Discarder
Finished at Sun Apr 26 06:35:13 UTC 2020. 1ms
Started at Sun Apr 26 07:35:13 UTC 2020
Processing eastmoney
Offering eastmoney to Project Build Discarder
Processing pipeline
Offering pipeline to Project Build Discarder
Processing tonghuashun
Offering tonghuashun to Project Build Discarder
Finished at Sun Apr 26 07:35:13 UTC 2020. 1ms
Started at Sun Apr 26 08:35:13 UTC 2020
Processing eastmoney
Offering eastmoney to Project Build Discarder
Processing pipeline
Offering pipeline to Project Build Discarder
Processing tonghuashun
Offering tonghuashun to Project Build Discarder
Finished at Sun Apr 26 08:35:13 UTC 2020. 1ms
Started at Sun Apr 26 09:35:13 UTC 2020
Processing eastmoney
Offering eastmoney to Project Build Discarder
Processing pipeline
Offering pipeline to Project Build Discarder
Processing tonghuashun
Offering tonghuashun to Project Build Discarder
Finished at Sun Apr 26 09:35:13 UTC 2020. 0ms
Started at Sun Apr 26 10:35:13 UTC 2020
Processing eastmoney
Offering eastmoney to Project Build Discarder
Processing pipeline
Offering pipeline to Project Build Discarder
Processing tonghuashun
Offering tonghuashun to Project Build Discarder
Finished at Sun Apr 26 10:35:13 UTC 2020. 1ms
